<?xml version="1.0" encoding="UTF-8"?>
<!-- Generated by org.testng.reporters.JUnitReportReporter -->
<testsuite skipped="1" hostname="EPINHYDW019A" name="com.epam.HomeTest" tests="1" failures="0" timestamp="2020-10-18T16:07:38 IST" time="0.000" errors="0">
  <testcase name="verifyUrl" time="0.000" classname="com.epam.HomeTest">
    <skipped/>
  </testcase> <!-- verifyUrl -->
  <system-out/>
</testsuite> <!-- com.epam.HomeTest -->
